Build started 8/22/2013 7:15:02 PM.
     1>Project "C:\Users\Ix2\Documents\Visual Studio 2010\Projects\LD27\LD27\LD27.vcxproj" on node 2 (build target(s)).
     1>InitializeBuildStatus:
         Creating "Debug\LD27.unsuccessfulbuild" because "AlwaysCreate" was specified.
       ClCompile:
         C:\Program Files (x86)\Microsoft Visual Studio 10.0\VC\bin\CL.exe /c /ZI /nologo /W3 /WX- /Od /Oy- /D _MBCS /Gm /EHsc /RTC1 /MD /GS /fp:precise /Zc:wchar_t /Zc:forScope /Fo"Debug\\" /Fd"Debug\vc100.pdb" /Gd /TP /analyze- /errorReport:prompt Player.cpp
         Player.cpp
     1>c:\users\ix2\documents\visual studio 2010\projects\ld27\ld27\player.cpp(42): warning C4244: '+=' : conversion from 'float' to 'int', possible loss of data
     1>c:\users\ix2\documents\visual studio 2010\projects\ld27\ld27\player.cpp(44): warning C4244: '+=' : conversion from 'float' to 'int', possible loss of data
     1>c:\users\ix2\documents\visual studio 2010\projects\ld27\ld27\player.cpp(47): warning C4244: '=' : conversion from 'int' to 'float', possible loss of data
     1>c:\users\ix2\documents\visual studio 2010\projects\ld27\ld27\player.cpp(48): warning C4244: '+=' : conversion from 'float' to 'int', possible loss of data
     1>c:\users\ix2\documents\visual studio 2010\projects\ld27\ld27\player.cpp(50): warning C4244: '=' : conversion from 'int' to 'float', possible loss of data
     1>c:\users\ix2\documents\visual studio 2010\projects\ld27\ld27\player.cpp(51): warning C4244: '+=' : conversion from 'float' to 'int', possible loss of data
     1>c:\users\ix2\documents\visual studio 2010\projects\ld27\ld27\player.cpp(56): warning C4244: '+=' : conversion from 'float' to 'int', possible loss of data
     1>c:\users\ix2\documents\visual studio 2010\projects\ld27\ld27\player.cpp(58): warning C4244: '+=' : conversion from 'float' to 'int', possible loss of data
     1>c:\users\ix2\documents\visual studio 2010\projects\ld27\ld27\player.cpp(61): warning C4244: '=' : conversion from 'int' to 'float', possible loss of data
     1>c:\users\ix2\documents\visual studio 2010\projects\ld27\ld27\player.cpp(62): warning C4244: '+=' : conversion from 'float' to 'int', possible loss of data
     1>c:\users\ix2\documents\visual studio 2010\projects\ld27\ld27\player.cpp(64): warning C4244: '=' : conversion from 'int' to 'float', possible loss of data
     1>c:\users\ix2\documents\visual studio 2010\projects\ld27\ld27\player.cpp(65): warning C4244: '+=' : conversion from 'float' to 'int', possible loss of data
       Link:
         C:\Program Files (x86)\Microsoft Visual Studio 10.0\VC\bin\link.exe /ERRORREPORT:PROMPT /OUT:"C:\Users\Ix2\Documents\Visual Studio 2010\Projects\LD27\Debug\LD27.exe" /NOLOGO SDL2.lib SDL2main.lib SDL2_image.lib kernel32.lib user32.lib gdi32.lib winspool.lib comdlg32.lib advapi32.lib shell32.lib ole32.lib oleaut32.lib uuid.lib odbc32.lib odbccp32.lib /MANIFEST /ManifestFile:"Debug\LD27.exe.intermediate.manifest" /MANIFESTUAC:"level='asInvoker' uiAccess='false'" /DEBUG /PDB:"C:\Users\Ix2\Documents\Visual Studio 2010\Projects\LD27\Debug\LD27.pdb" /SUBSYSTEM:WINDOWS /TLBID:1 /DYNAMICBASE /NXCOMPAT /IMPLIB:"C:\Users\Ix2\Documents\Visual Studio 2010\Projects\LD27\Debug\LD27.lib" /MACHINE:X86 Debug\Game.obj
         Debug\GameOwnedStates.obj
         Debug\Globals.obj
         Debug\ImageLoader.obj
         Debug\Main.obj
         Debug\Player.obj
         Debug\PlayerOwnedStates.obj
         LINK : C:\Users\Ix2\Documents\Visual Studio 2010\Projects\LD27\Debug\LD27.exe not found or not built by the last incremental link; performing full link
         LD27.vcxproj -> C:\Users\Ix2\Documents\Visual Studio 2010\Projects\LD27\Debug\LD27.exe
       Manifest:
         C:\Program Files (x86)\Microsoft SDKs\Windows\v7.0A\bin\mt.exe /nologo /verbose /outputresource:"C:\Users\Ix2\Documents\Visual Studio 2010\Projects\LD27\Debug\LD27.exe;#1" /manifest Debug\LD27.exe.intermediate.manifest
       FinalizeBuildStatus:
         Deleting file "Debug\LD27.unsuccessfulbuild".
         Touching "Debug\LD27.lastbuildstate".
     1>Done Building Project "C:\Users\Ix2\Documents\Visual Studio 2010\Projects\LD27\LD27\LD27.vcxproj" (build target(s)).

Build succeeded.

Time Elapsed 00:00:00.85
